<?xml version="1.0" encoding="UTF-8"?>
<!-- Generated by org.testng.reporters.JUnitReportReporter -->
<testsuite hostname="LAPTOP-CEUCUH6S" failures="0" tests="3" name="com.kabir.e2eframework.tests.DataDrivenTestingUsingExcelFile" time="2.245" errors="0" timestamp="2023-08-03T13:02:18 PDT" skipped="0">
  <testcase classname="com.kabir.e2eframework.tests.DataDrivenTestingUsingExcelFile" name="DataDrivenTesting" time="0.000"/>
  <system-out/>
  <testcase classname="com.kabir.e2eframework.tests.DataDrivenTestingUsingExcelFile" name="DataDrivenTesting" time="0.797"/>
  <system-out/>
  <testcase classname="com.kabir.e2eframework.tests.DataDrivenTestingUsingExcelFile" name="DataDrivenTesting" time="1.448"/>
  <system-out/>
</testsuite> <!-- com.kabir.e2eframework.tests.DataDrivenTestingUsingExcelFile -->
