<?xml version="1.0" encoding="UTF-8"?>
<!-- Generated by org.testng.reporters.JUnitReportReporter -->
<testsuite hostname="LAPTOP-CEUCUH6S" failures="0" tests="8" name="com.kabir.restassured.framework.tests.DataDrivenTestingUsingExcelFile" time="4.483" errors="0" timestamp="2023-08-03T18:52:08 PDT" skipped="0">
  <testcase classname="com.kabir.restassured.framework.tests.DataDrivenTestingUsingExcelFile" name="DataDrivenTesting" time="0.430"/>
  <system-out/>
  <testcase classname="com.kabir.restassured.framework.tests.DataDrivenTestingUsingExcelFile" name="DataDrivenTesting" time="0.426"/>
  <system-out/>
  <testcase classname="com.kabir.restassured.framework.tests.DataDrivenTestingUsingExcelFile" name="DataDrivenTesting" time="0.421"/>
  <system-out/>
  <testcase classname="com.kabir.restassured.framework.tests.DataDrivenTestingUsingExcelFile" name="DataDrivenTesting" time="0.475"/>
  <system-out/>
  <testcase classname="com.kabir.restassured.framework.tests.DataDrivenTestingUsingExcelFile" name="DataDrivenTesting" time="0.420"/>
  <system-out/>
  <testcase classname="com.kabir.restassured.framework.tests.DataDrivenTestingUsingExcelFile" name="DataDrivenTesting" time="0.431"/>
  <system-out/>
  <testcase classname="com.kabir.restassured.framework.tests.DataDrivenTestingUsingExcelFile" name="DataDrivenTesting" time="0.421"/>
  <system-out/>
  <testcase classname="com.kabir.restassured.framework.tests.DataDrivenTestingUsingExcelFile" name="DataDrivenTesting" time="1.459"/>
  <system-out/>
</testsuite> <!-- com.kabir.restassured.framework.tests.DataDrivenTestingUsingExcelFile -->
