<?xml version="1.0" encoding="UTF-8"?>
<!-- Generated by org.testng.reporters.JUnitReportReporter -->
<testsuite hostname="LAPTOP-CEUCUH6S" failures="0" tests="8" name="com.kabir.restassured.framework.tests.DataDrivenTestingUsingExcelFile" time="4.614" errors="0" timestamp="2023-08-03T22:59:55 PDT" skipped="0">
  <testcase classname="com.kabir.restassured.framework.tests.DataDrivenTestingUsingExcelFile" name="DataDrivenTesting" time="0.431"/>
  <system-out/>
  <testcase classname="com.kabir.restassured.framework.tests.DataDrivenTestingUsingExcelFile" name="DataDrivenTesting" time="0.445"/>
  <system-out/>
  <testcase classname="com.kabir.restassured.framework.tests.DataDrivenTestingUsingExcelFile" name="DataDrivenTesting" time="0.440"/>
  <system-out/>
  <testcase classname="com.kabir.restassured.framework.tests.DataDrivenTestingUsingExcelFile" name="DataDrivenTesting" time="1.511"/>
  <system-out/>
  <testcase classname="com.kabir.restassured.framework.tests.DataDrivenTestingUsingExcelFile" name="DataDrivenTesting" time="0.432"/>
  <system-out/>
  <testcase classname="com.kabir.restassured.framework.tests.DataDrivenTestingUsingExcelFile" name="DataDrivenTesting" time="0.469"/>
  <system-out/>
  <testcase classname="com.kabir.restassured.framework.tests.DataDrivenTestingUsingExcelFile" name="DataDrivenTesting" time="0.454"/>
  <system-out/>
  <testcase classname="com.kabir.restassured.framework.tests.DataDrivenTestingUsingExcelFile" name="DataDrivenTesting" time="0.432"/>
  <system-out/>
</testsuite> <!-- com.kabir.restassured.framework.tests.DataDrivenTestingUsingExcelFile -->
