<?xml version="1.0" encoding="UTF-8"?>
<!-- Generated by org.testng.reporters.JUnitReportReporter -->
<testsuite hostname="LAPTOP-CEUCUH6S" failures="0" tests="8" name="com.kabir.restassured.framework.tests.DataDrivenTestingUsingExcelFile" time="4.452" errors="0" timestamp="2023-08-03T18:48:39 PDT" skipped="0">
  <testcase classname="com.kabir.restassured.framework.tests.DataDrivenTestingUsingExcelFile" name="DataDrivenTesting" time="0.433"/>
  <system-out/>
  <testcase classname="com.kabir.restassured.framework.tests.DataDrivenTestingUsingExcelFile" name="DataDrivenTesting" time="0.420"/>
  <system-out/>
  <testcase classname="com.kabir.restassured.framework.tests.DataDrivenTestingUsingExcelFile" name="DataDrivenTesting" time="1.448"/>
  <system-out/>
  <testcase classname="com.kabir.restassured.framework.tests.DataDrivenTestingUsingExcelFile" name="DataDrivenTesting" time="0.415"/>
  <system-out/>
  <testcase classname="com.kabir.restassured.framework.tests.DataDrivenTestingUsingExcelFile" name="DataDrivenTesting" time="0.425"/>
  <system-out/>
  <testcase classname="com.kabir.restassured.framework.tests.DataDrivenTestingUsingExcelFile" name="DataDrivenTesting" time="0.424"/>
  <system-out/>
  <testcase classname="com.kabir.restassured.framework.tests.DataDrivenTestingUsingExcelFile" name="DataDrivenTesting" time="0.471"/>
  <system-out/>
  <testcase classname="com.kabir.restassured.framework.tests.DataDrivenTestingUsingExcelFile" name="DataDrivenTesting" time="0.416"/>
  <system-out/>
</testsuite> <!-- com.kabir.restassured.framework.tests.DataDrivenTestingUsingExcelFile -->
