<?xml version="1.0" encoding="UTF-8"?>
<!-- Generated by org.testng.reporters.JUnitReportReporter -->
<testsuite hostname="LAPTOP-CEUCUH6S" failures="0" tests="8" name="com.kabir.restassured.framework.tests.DataDrivenTestingUsingExcelFile" time="4.466" errors="0" timestamp="2023-08-03T18:34:16 PDT" skipped="0">
  <testcase classname="com.kabir.restassured.framework.tests.DataDrivenTestingUsingExcelFile" name="DataDrivenTesting" time="0.432"/>
  <system-out/>
  <testcase classname="com.kabir.restassured.framework.tests.DataDrivenTestingUsingExcelFile" name="DataDrivenTesting" time="0.423"/>
  <system-out/>
  <testcase classname="com.kabir.restassured.framework.tests.DataDrivenTestingUsingExcelFile" name="DataDrivenTesting" time="0.416"/>
  <system-out/>
  <testcase classname="com.kabir.restassured.framework.tests.DataDrivenTestingUsingExcelFile" name="DataDrivenTesting" time="0.478"/>
  <system-out/>
  <testcase classname="com.kabir.restassured.framework.tests.DataDrivenTestingUsingExcelFile" name="DataDrivenTesting" time="0.417"/>
  <system-out/>
  <testcase classname="com.kabir.restassured.framework.tests.DataDrivenTestingUsingExcelFile" name="DataDrivenTesting" time="0.424"/>
  <system-out/>
  <testcase classname="com.kabir.restassured.framework.tests.DataDrivenTestingUsingExcelFile" name="DataDrivenTesting" time="0.425"/>
  <system-out/>
  <testcase classname="com.kabir.restassured.framework.tests.DataDrivenTestingUsingExcelFile" name="DataDrivenTesting" time="1.451"/>
  <system-out/>
</testsuite> <!-- com.kabir.restassured.framework.tests.DataDrivenTestingUsingExcelFile -->
